00000000				num1:
00000000				num2:
00000000				num3:
00000000				num4:
00000000				num5:
00000000				num6:
00000000				num7:
00000000				num8:
00000000	00004500	ldc	0x45
00000001	00002800	ldc	0x28
00000002	00000006	add	0x0
00000003	00003a00	ldc	0x3a
00000004	00000006	add	0x0
00000005	00004500	ldc	0x45
00000006	00000006	add	0x0
00000007	00002800	ldc	0x28
00000008	00000006	add	0x0
00000009	00003a00	ldc	0x3a
0000000a	00000006	add	0x0
0000000b	00004500	ldc	0x45
0000000c	00000006	add	0x0
0000000d	00002800	ldc	0x28
0000000e	00000006	add	0x0
0000000f	00000300	ldc	0x3
00000010	00000009	shr	0x0
00000011	00000012	HALT	0x0
