00000000				num1:
00000000				num2:
00000000				num3:
00000000	00000a00	ldc	0xa
00000001	00001400	ldc	0x14
00000002	00000007	sub	0x0
00000003	00000810	brlz	0x8
00000004	00001400	ldc	0x14
00000005	00000500	ldc	0x5
00000006	00000007	sub	0x0
00000007	00000210	brlz	0x2
00000008	00000a00	ldc	0xa
00000009	00000012	HALT	0x0
0000000a				lb:
0000000a	00000500	ldc	0x5
0000000b	00000012	HALT	0x0
0000000c				la:
0000000c	00001400	ldc	0x14
0000000d	00000500	ldc	0x5
0000000e	00000007	sub	0x0
0000000f	00000210	brlz	0x2
00000010	00001400	ldc	0x14
00000011	00000012	HALT	0x0
00000012				lc:
00000012	00000a00	ldc	0xa
00000013	00000012	HALT	0x0
